0 info it worked if it ends with ok
1 verbose cli [ '/usr/bin/node',
1 verbose cli   '/usr/bin/npm',
1 verbose cli   'install',
1 verbose cli   '–g',
1 verbose cli   '@angular/cli@latest' ]
2 info using npm@3.5.2
3 info using node@v8.10.0
4 silly loadCurrentTree Starting
5 silly install loadCurrentTree
6 silly install readLocalPackageData
7 silly fetchPackageMetaData –g
8 silly fetchPackageMetaData @angular/cli@latest
9 silly fetchOtherPackageData –g
10 silly cache add args [ '–g', null ]
11 verbose cache add spec –g
12 silly fetchNamedPackageData @angular/cli
13 silly mapToRegistry name @angular/cli
14 silly mapToRegistry scope (from package name) @angular
15 verbose mapToRegistry no registry URL found in name for scope @angular
16 silly mapToRegistry using default registry
17 silly mapToRegistry registry https://registry.npmjs.org/
18 silly mapToRegistry uri https://registry.npmjs.org/@angular%2fcli
19 silly cache add parsed spec Result {
19 silly cache add   raw: '–g',
19 silly cache add   scope: null,
19 silly cache add   name: null,
19 silly cache add   rawSpec: '–g',
19 silly cache add   spec: '/home/healthix_user/healthix_calender/–g',
19 silly cache add   type: 'local' }
20 error addLocal Could not install /home/healthix_user/healthix_calender/–g
21 silly fetchPackageMetaData Error: ENOENT: no such file or directory, open '/home/healthix_user/healthix_calender/–g'
21 silly fetchPackageMetaData  error for –g { Error: ENOENT: no such file or directory, open '/home/healthix_user/healthix_calender/–g'
21 silly fetchPackageMetaData   errno: -2,
21 silly fetchPackageMetaData   code: 'ENOENT',
21 silly fetchPackageMetaData   syscall: 'open',
21 silly fetchPackageMetaData   path: '/home/healthix_user/healthix_calender/–g' }
22 verbose request uri https://registry.npmjs.org/@angular%2fcli
23 verbose request no auth needed
24 info attempt registry request try #1 at 9:34:07 AM
25 verbose request id 58d49f2e9ba75d14
26 verbose etag W/"2273523515a46aa0164c24deab7a7252"
27 verbose lastModified Wed, 26 Aug 2020 22:56:24 GMT
28 http request GET https://registry.npmjs.org/@angular%2fcli
29 verbose stack TypeError: The header content contains invalid characters
29 verbose stack     at validateHeader (_http_outgoing.js:494:11)
29 verbose stack     at ClientRequest.setHeader (_http_outgoing.js:498:3)
29 verbose stack     at new ClientRequest (_http_client.js:173:14)
29 verbose stack     at Object.request (http.js:38:10)
29 verbose stack     at Object.request (https.js:239:15)
29 verbose stack     at Request.start (/usr/share/npm/node_modules/request/request.js:793:30)
29 verbose stack     at Request.end (/usr/share/npm/node_modules/request/request.js:1400:10)
29 verbose stack     at end (/usr/share/npm/node_modules/request/request.js:564:14)
29 verbose stack     at Immediate._onImmediate (/usr/share/npm/node_modules/request/request.js:578:7)
29 verbose stack     at runCallback (timers.js:794:20)
30 verbose cwd /home/healthix_user/healthix_calender
31 error Linux 4.15.0-66-generic
32 error argv "/usr/bin/node" "/usr/bin/npm" "install" "–g" "@angular/cli@latest"
33 error node v8.10.0
34 error npm  v3.5.2
35 error The header content contains invalid characters
36 error If you need help, you may report this error at:
36 error     <https://github.com/npm/npm/issues>
37 verbose exit [ 1, true ]
